2018-02-06T20:34:29-05:00 CRITICAL Call to undefined function request_filesystem_credentials()

2018-02-07T09:26:47-05:00 CRITICAL Call to undefined function request_filesystem_credentials()

2018-02-07T22:57:49-05:00 CRITICAL Call to undefined function request_filesystem_credentials()

2018-02-08T08:02:48-05:00 CRITICAL Call to undefined function request_filesystem_credentials()

2018-02-09T02:57:44-05:00 CRITICAL Call to undefined function request_filesystem_credentials()

2018-02-09T17:57:26-05:00 CRITICAL Call to undefined function request_filesystem_credentials()

2018-02-10T03:15:22-05:00 CRITICAL Call to undefined function request_filesystem_credentials()

2018-02-10T07:44:19-05:00 CRITICAL Call to undefined function request_filesystem_credentials()

2018-02-10T18:50:08-05:00 CRITICAL Call to undefined function request_filesystem_credentials()

2018-02-11T10:56:09-05:00 CRITICAL Call to undefined function request_filesystem_credentials()

2018-02-11T21:50:29-05:00 CRITICAL Call to undefined function request_filesystem_credentials()

2018-02-12T07:49:28-05:00 CRITICAL Call to undefined function request_filesystem_credentials()

2018-02-12T21:41:06-05:00 CRITICAL Call to undefined function request_filesystem_credentials()

2018-02-13T07:01:52-05:00 CRITICAL Call to undefined function request_filesystem_credentials()

2018-02-14T09:19:02-05:00 CRITICAL Call to undefined function request_filesystem_credentials()

2018-02-14T21:10:48-05:00 CRITICAL Call to undefined function request_filesystem_credentials()

2018-02-15T08:12:37-05:00 CRITICAL Call to undefined function request_filesystem_credentials()

2018-02-16T01:12:59-05:00 CRITICAL Call to undefined function request_filesystem_credentials()

2018-02-16T15:29:43-05:00 CRITICAL Call to undefined function request_filesystem_credentials()

2018-02-16T21:07:56-05:00 CRITICAL Call to undefined function request_filesystem_credentials()

2018-02-17T07:59:16-05:00 CRITICAL Call to undefined function request_filesystem_credentials()

2018-02-17T19:42:26-05:00 CRITICAL Call to undefined function request_filesystem_credentials()

2018-02-18T14:14:17-05:00 CRITICAL Call to undefined function request_filesystem_credentials()

2018-02-18T23:44:23-05:00 CRITICAL Call to undefined function request_filesystem_credentials()

2018-02-19T09:17:30-05:00 CRITICAL Call to undefined function request_filesystem_credentials()

2018-02-19T20:15:29-05:00 CRITICAL Call to undefined function request_filesystem_credentials()

2018-02-20T07:50:18-05:00 CRITICAL Call to undefined function request_filesystem_credentials()

2018-02-20T21:42:34-05:00 CRITICAL Call to undefined function request_filesystem_credentials()

2018-02-21T09:34:58-05:00 CRITICAL Call to undefined function request_filesystem_credentials()

2018-02-21T18:54:59-05:00 CRITICAL Call to undefined function request_filesystem_credentials()

2018-02-22T10:12:48-05:00 CRITICAL Call to undefined function request_filesystem_credentials()

2018-02-22T18:50:54-05:00 CRITICAL Call to undefined function request_filesystem_credentials()

2018-02-23T08:51:21-05:00 CRITICAL Call to undefined function request_filesystem_credentials()

2018-02-23T19:40:50-05:00 CRITICAL Call to undefined function request_filesystem_credentials()

2018-02-24T10:54:59-05:00 CRITICAL Call to undefined function request_filesystem_credentials()

2018-02-24T19:02:12-05:00 CRITICAL Call to undefined function request_filesystem_credentials()

2018-02-25T12:13:46-05:00 CRITICAL Call to undefined function request_filesystem_credentials()

2018-02-25T19:13:25-05:00 CRITICAL Call to undefined function request_filesystem_credentials()

2018-02-26T11:09:12-05:00 CRITICAL Call to undefined function request_filesystem_credentials()

2018-02-26T20:27:23-05:00 CRITICAL Call to undefined function request_filesystem_credentials()

2018-02-27T08:06:11-05:00 CRITICAL Call to undefined function request_filesystem_credentials()

2018-02-27T20:18:29-05:00 CRITICAL Call to undefined function request_filesystem_credentials()

2018-02-28T08:48:55-05:00 CRITICAL Call to undefined function request_filesystem_credentials()

2018-03-01T21:00:25-05:00 CRITICAL Call to undefined function request_filesystem_credentials()

2018-03-02T08:48:30-05:00 CRITICAL Call to undefined function request_filesystem_credentials()

2018-03-02T22:27:13-05:00 CRITICAL Call to undefined function request_filesystem_credentials()

2018-03-03T09:16:07-05:00 CRITICAL Call to undefined function request_filesystem_credentials()

2018-03-03T19:27:42-05:00 CRITICAL Call to undefined function request_filesystem_credentials()

2018-03-04T14:44:47-05:00 CRITICAL Call to undefined function request_filesystem_credentials()

2018-03-05T09:15:40-05:00 CRITICAL Call to undefined function request_filesystem_credentials()

2018-03-05T21:14:20-05:00 CRITICAL Call to undefined function request_filesystem_credentials()

2018-03-06T07:14:57-05:00 CRITICAL Call to undefined function request_filesystem_credentials()

2018-03-06T21:48:14-05:00 CRITICAL Call to undefined function request_filesystem_credentials()

2018-03-07T09:02:14-05:00 CRITICAL Call to undefined function request_filesystem_credentials()

2018-03-08T06:33:18-05:00 CRITICAL Call to undefined function request_filesystem_credentials()

2018-03-08T07:04:07-05:00 CRITICAL Call to undefined function request_filesystem_credentials()

2018-03-09T00:37:21-05:00 CRITICAL Call to undefined function request_filesystem_credentials()

2018-03-09T13:08:31-05:00 CRITICAL Call to undefined function request_filesystem_credentials()

2018-03-09T22:36:22-05:00 CRITICAL Call to undefined function request_filesystem_credentials()

2018-03-10T09:34:41-05:00 CRITICAL Call to undefined function request_filesystem_credentials()

2018-03-11T00:46:23-05:00 CRITICAL Call to undefined function request_filesystem_credentials()

2018-03-11T10:01:33-04:00 CRITICAL Call to undefined function request_filesystem_credentials()

2018-03-11T23:12:25-04:00 CRITICAL Call to undefined function request_filesystem_credentials()

2018-03-12T08:33:07-04:00 CRITICAL Call to undefined function request_filesystem_credentials()

2018-03-13T06:52:26-04:00 CRITICAL Call to undefined function request_filesystem_credentials()

2018-03-13T10:07:35-04:00 CRITICAL Call to undefined function request_filesystem_credentials()

2018-03-14T01:01:29-04:00 CRITICAL Call to undefined function request_filesystem_credentials()

2018-03-14T09:44:09-04:00 CRITICAL Call to undefined function request_filesystem_credentials()

2018-03-14T20:47:50-04:00 CRITICAL Call to undefined function request_filesystem_credentials()

2018-03-15T13:11:42-04:00 CRITICAL Call to undefined function request_filesystem_credentials()

2018-03-15T20:45:06-04:00 CRITICAL Call to undefined function request_filesystem_credentials()

2018-03-16T15:49:11-04:00 CRITICAL Call to undefined function request_filesystem_credentials()

2018-03-16T19:58:35-04:00 CRITICAL Call to undefined function request_filesystem_credentials()

2018-03-17T11:36:34-04:00 CRITICAL Call to undefined function request_filesystem_credentials()

2018-03-17T23:57:23-04:00 CRITICAL Call to undefined function request_filesystem_credentials()

2018-03-18T07:49:21-04:00 CRITICAL Call to undefined function request_filesystem_credentials()

2018-03-18T23:33:44-04:00 CRITICAL Call to undefined function request_filesystem_credentials()

2018-03-19T07:55:49-04:00 CRITICAL Call to undefined function request_filesystem_credentials()

2018-03-19T22:26:37-04:00 CRITICAL Call to undefined function request_filesystem_credentials()

2018-03-20T08:06:28-04:00 CRITICAL Call to undefined function request_filesystem_credentials()

2018-03-22T18:40:16+00:00 CRITICAL Call to a member function is_on_sale() on null

2018-03-26T16:43:31+00:00 CRITICAL Allowed memory size of 268435456 bytes exhausted (tried to allocate 17416192 bytes)

2018-03-27T20:12:34+00:00 CRITICAL Call to a member function get_checkout_fields() on null

2018-03-28T17:40:31+00:00 CRITICAL Call to undefined function woocommerce_before_shop_loop()

2018-03-28T17:42:02+00:00 CRITICAL Call to undefined function woocommerce_before_shop_loop()

2018-03-28T18:36:44+00:00 CRITICAL Call to undefined function content_class_by_sidebar()

